<?xml version="1.0" encoding="UTF-8"?>
<testsuite name="Test Suite"
           tests="2"
           failures="0"
           errors="0"
           skipped="0"
           time="37.070">
  <properties />
  
  
            <testcase name="verifyProductSortedAlphabetically" time="7.138" classname="com.nopcommerce.demo.testsuite.TestSuite" />
                <testcase name="verifyProductAddedToShoppingCartSuccessFully" time="29.932" classname="com.nopcommerce.demo.testsuite.TestSuite" />
      
</testsuite>
